La génération a démarré 11/11/2015 23:50:01.
     1>Projet "C:\Users\Vincent\Documents\GitHub\DuelMaster\build\DuelMaster.vcxproj" sur le nœud 2 (Build cible(s)).
     1>ClCompile:
         C:\Program Files (x86)\Microsoft Visual Studio 14.0\VC\bin\CL.exe /c /I"C:\SFML-2.3.2\include" /Zi /nologo /W3 /WX- /Od /Ob0 /Oy- /D WIN32 /D _WINDOWS /D _DEBUG /D "CMAKE_INTDIR=\"Debug\"" /D _MBCS /Gm- /EHsc /RTC1 /MDd /GS /fp:precise /Zc:wchar_t /Zc:forScope /Zc:inline /GR /Fo"DuelMaster.dir\Debug\\" /Fd"DuelMaster.dir\Debug\vc140.pdb" /Gd /TP /analyze- /errorReport:prompt C:\Users\Vincent\Documents\GitHub\DuelMaster\src\main.cpp
         main.cpp
       Link:
         C:\Program Files (x86)\Microsoft Visual Studio 14.0\VC\bin\link.exe /ERRORREPORT:PROMPT /OUT:"C:\Users\Vincent\Documents\GitHub\DuelMaster\bin\Debug\DuelMaster.exe" /INCREMENTAL /NOLOGO kernel32.lib user32.lib gdi32.lib winspool.lib shell32.lib ole32.lib oleaut32.lib uuid.lib comdlg32.lib advapi32.lib "C:\SFML-2.3.2\lib\sfml-system-d.lib" "C:\SFML-2.3.2\lib\sfml-window-d.lib" "C:\SFML-2.3.2\lib\sfml-graphics-d.lib" "C:\SFML-2.3.2\lib\sfml-network-d.lib" "C:\SFML-2.3.2\lib\sfml-audio-d.lib" /MANIFEST /MANIFESTUAC:"level='asInvoker' uiAccess='false'" /manifest:embed /Debug /PDB:"C:/Users/Vincent/Documents/GitHub/DuelMaster/bin/Debug/DuelMaster.pdb" /SUBSYSTEM:CONSOLE /TLBID:1 /DYNAMICBASE /NXCOMPAT /IMPLIB:"C:/Users/Vincent/Documents/GitHub/DuelMaster/bin/Debug/DuelMaster.lib" /MACHINE:X86 /SAFESEH  /machine:X86 /debug DuelMaster.dir\Debug\AElementAlloc.obj
         DuelMaster.dir\Debug\Arme.obj
         DuelMaster.dir\Debug\ElementAlloc.obj
         DuelMaster.dir\Debug\ElementFabrique.obj
         DuelMaster.dir\Debug\ElementGrille.obj
         DuelMaster.dir\Debug\ElementListe.obj
         DuelMaster.dir\Debug\Etat.obj
         DuelMaster.dir\Debug\EtatDuel.obj
         DuelMaster.dir\Debug\TuileSetChar.obj
         DuelMaster.dir\Debug\Action.obj
         DuelMaster.dir\Debug\ActionListe.obj
         DuelMaster.dir\Debug\AnimatedTuile.obj
         DuelMaster.dir\Debug\Animation.obj
         DuelMaster.dir\Debug\Carte.obj
         DuelMaster.dir\Debug\Commande.obj
         DuelMaster.dir\Debug\CommandeSet.obj
         DuelMaster.dir\Debug\DebugPlan.obj
         DuelMaster.dir\Debug\Dialogue.obj
         DuelMaster.dir\Debug\DirectionCommande.obj
         DuelMaster.dir\Debug\Element.obj
         DuelMaster.dir\Debug\ElementDuel.obj
         DuelMaster.dir\Debug\ElementListPlan.obj
         DuelMaster.dir\Debug\Espace.obj
         DuelMaster.dir\Debug\Instruction.obj
         DuelMaster.dir\Debug\InstructionCombat.obj
         DuelMaster.dir\Debug\InstructionMvt.obj
         DuelMaster.dir\Debug\InstructionTexte.obj
         DuelMaster.dir\Debug\Layer.obj
         DuelMaster.dir\Debug\LoadCommande.obj
         DuelMaster.dir\Debug\main.obj
         DuelMaster.dir\Debug\MobileElement.obj
         DuelMaster.dir\Debug\ModeCommande.obj
         DuelMaster.dir\Debug\Moteur.obj
         DuelMaster.dir\Debug\MoveCharacter.obj
         DuelMaster.dir\Debug\Obstacle.obj
         DuelMaster.dir\Debug\Personnage.obj
         DuelMaster.dir\Debug\Plan.obj
         DuelMaster.dir\Debug\Pouvoir.obj
         DuelMaster.dir\Debug\Record.obj
         DuelMaster.dir\Debug\Ruler.obj
         DuelMaster.dir\Debug\Scene.obj
         DuelMaster.dir\Debug\Soldat.obj
         DuelMaster.dir\Debug\StateObserver.obj
         DuelMaster.dir\Debug\StatePlan.obj
         DuelMaster.dir\Debug\StaticElement.obj
         DuelMaster.dir\Debug\StaticTuile.obj
         DuelMaster.dir\Debug\Surface.obj
         DuelMaster.dir\Debug\SurfaceWorld.obj
         DuelMaster.dir\Debug\Tuile.obj
         DuelMaster.dir\Debug\TuileSet.obj
         DuelMaster.dir\Debug\TuileSetWorld.obj
         DuelMaster.dir\Debug\Villageois.obj
         DuelMaster.vcxproj -> C:\Users\Vincent\Documents\GitHub\DuelMaster\bin\Debug\DuelMaster.exe
     1>Génération du projet "C:\Users\Vincent\Documents\GitHub\DuelMaster\build\DuelMaster.vcxproj" terminée (Build cible(s)).

La génération a réussi.

Temps écoulé 00:00:01.85
